<?xml version="1.0" encoding="UTF-8"?>
<!-- Generated by org.testng.reporters.JUnitReportReporter -->
<testsuite hostname="Ricky" failures="0" tests="1" name="com.qa.testsnew.TC05_DeleteEmployeeRecordNew" time="3.860" errors="0" timestamp="2022-04-03T15:40:12 EDT" skipped="0">
  <testcase classname="com.qa.testsnew.TC05_DeleteEmployeeRecordNew" name="deleteEmployeeRecord" time="3.860"/>
  <system-out/>
</testsuite> <!-- com.qa.testsnew.TC05_DeleteEmployeeRecordNew -->
