<?xml version="1.0" encoding="UTF-8"?>
<!-- Generated by org.testng.reporters.JUnitReportReporter -->
<testsuite hostname="Ricky" failures="0" tests="1" name="com.qa.testsnew.TC01_GetAllEmployessNew" time="5.239" errors="0" timestamp="2022-04-03T14:49:46 EDT" skipped="0">
  <testcase classname="com.qa.testsnew.TC01_GetAllEmployessNew" name="getAllEmployeesAPITestWithHeaders" time="5.239"/>
  <system-out/>
</testsuite> <!-- com.qa.testsnew.TC01_GetAllEmployessNew -->
