<?xml version="1.0" encoding="UTF-8"?>
<!-- Generated by org.testng.reporters.JUnitReportReporter -->
<testsuite hostname="Ricky" failures="0" tests="1" name="com.qa.testsnew.TC02_GetSingleEmployeeRecordNew" time="3.650" errors="0" timestamp="2022-04-03T15:01:52 EDT" skipped="0">
  <testcase classname="com.qa.testsnew.TC02_GetSingleEmployeeRecordNew" name="getSingleEmployeeRecordAPITestWithHeaders" time="3.650"/>
  <system-out/>
</testsuite> <!-- com.qa.testsnew.TC02_GetSingleEmployeeRecordNew -->
