<?xml version="1.0" encoding="UTF-8"?>
<!-- Generated by org.testng.reporters.JUnitReportReporter -->
<testsuite hostname="Ricky" failures="0" tests="1" name="com.qa.testsnew.TC03_PostNewEmployeeRecordNew" time="3.769" errors="0" timestamp="2022-04-03T15:38:29 EDT" skipped="0">
  <testcase classname="com.qa.testsnew.TC03_PostNewEmployeeRecordNew" name="postNewRecordWithHeaders" time="3.769"/>
  <system-out/>
</testsuite> <!-- com.qa.testsnew.TC03_PostNewEmployeeRecordNew -->
